<?xml version="1.0" encoding="UTF-8"?>
<robot generator="Robot 7.1.1 (Python 3.12.2 on win32)" generated="2024-11-01T13:35:48.308733" rpa="false" schemaversion="5">
<suite id="s1" name="sentidoArquivo" source="d:\projetos\CNAB\tests\sentidoArquivo.robot">
<test id="s1-t1" name="Validar Sentido do Arquivo CNAB 240" line="8">
<kw name="Validar Sentido Cnab" owner="cnab_keywords">
<msg time="2024-11-01T13:35:48.334731" level="INFO">${resultado} = True</msg>
<msg time="2024-11-01T13:35:48.335732" level="INFO">${mensagem} = O arquivo é de Remessa.</msg>
<var>${resultado}</var>
<var>${mensagem}</var>
<arg>${CAMINHO_ARQUIVO}</arg>
<status status="PASS" start="2024-11-01T13:35:48.333732" elapsed="0.003002"/>
</kw>
<kw name="Run Keyword If" owner="BuiltIn">
<kw name="Log" owner="BuiltIn">
<msg time="2024-11-01T13:35:48.336734" level="INFO">O arquivo é de Remessa.</msg>
<arg>${mensagem}</arg>
<doc>Logs the given message with the given level.</doc>
<status status="PASS" start="2024-11-01T13:35:48.336734" elapsed="0.001000"/>
</kw>
<arg>${resultado} == True</arg>
<arg>Log</arg>
<arg>${mensagem}</arg>
<doc>Runs the given keyword with the given arguments, if ``condition`` is true.</doc>
<status status="PASS" start="2024-11-01T13:35:48.336734" elapsed="0.001000"/>
</kw>
<kw name="Run Keyword If" owner="BuiltIn">
<arg>${resultado} == False</arg>
<arg>Fail</arg>
<arg>${mensagem}</arg>
<doc>Runs the given keyword with the given arguments, if ``condition`` is true.</doc>
<status status="PASS" start="2024-11-01T13:35:48.337734" elapsed="0.000000"/>
</kw>
<doc>Este teste verifica se o sentido do arquivo CNAB é Retorno ou Remessa.</doc>
<status status="PASS" start="2024-11-01T13:35:48.332732" elapsed="0.006001"/>
</test>
<status status="PASS" start="2024-11-01T13:35:48.312734" elapsed="0.026999"/>
</suite>
<statistics>
<total>
<stat pass="1" fail="0" skip="0">All Tests</stat>
</total>
<tag>
</tag>
<suite>
<stat pass="1" fail="0" skip="0" id="s1" name="sentidoArquivo">sentidoArquivo</stat>
</suite>
</statistics>
<errors>
</errors>
</robot>
