<?xml version="1.0" encoding="UTF-8"?>
<robot generator="Robot 7.1.1 (Python 3.12.2 on win32)" generated="2024-10-22T20:36:41.255677" rpa="false" schemaversion="5">
<suite id="s1" name="CNAB" source="D:\projetos\CNAB">
<suite id="s1-s1" name="Tests" source="D:\projetos\CNAB\tests">
<suite id="s1-s1-s1" name="validaProdutoDesconhecido" source="D:\projetos\CNAB\tests\validaProdutoDesconhecido.robot">
<test id="s1-s1-s1-t1" name="Validar Produtos Desconhecidos no Arquivo CNAB 240" line="9">
<kw name="Validar Produto Desconhecido" owner="cnab_keywords">
<msg time="2024-10-22T20:36:41.291570" level="INFO">${resultado} = True</msg>
<msg time="2024-10-22T20:36:41.292569" level="INFO">${mensagem} = Todos os produtos são conhecidos.</msg>
<var>${resultado}</var>
<var>${mensagem}</var>
<arg>${CAMINHO_ARQUIVO}</arg>
<arg>@{PRODUTOS_CONHECIDOS}</arg>
<status status="PASS" start="2024-10-22T20:36:41.291570" elapsed="0.000999"/>
</kw>
<kw name="Run Keyword If" owner="BuiltIn">
<kw name="Log" owner="BuiltIn">
<msg time="2024-10-22T20:36:41.293569" level="INFO">Todos os produtos são conhecidos. Não há produtos desconhencidos</msg>
<arg>${mensagem} Não há produtos desconhencidos</arg>
<doc>Logs the given message with the given level.</doc>
<status status="PASS" start="2024-10-22T20:36:41.292569" elapsed="0.001000"/>
</kw>
<arg>${resultado} == True</arg>
<arg>Log</arg>
<arg>${mensagem} Não há produtos desconhencidos</arg>
<doc>Runs the given keyword with the given arguments, if ``condition`` is true.</doc>
<status status="PASS" start="2024-10-22T20:36:41.292569" elapsed="0.001000"/>
</kw>
<kw name="Run Keyword If" owner="BuiltIn">
<arg>${resultado} == False</arg>
<arg>Fail</arg>
<arg>${mensagem} Produto desconhencido na coluna 14</arg>
<doc>Runs the given keyword with the given arguments, if ``condition`` is true.</doc>
<status status="PASS" start="2024-10-22T20:36:41.293569" elapsed="0.000000"/>
</kw>
<doc>Este teste verifica se há produtos desconhecidos no arquivo CNAB 240.</doc>
<status status="PASS" start="2024-10-22T20:36:41.290571" elapsed="0.002998"/>
</test>
<status status="PASS" start="2024-10-22T20:36:41.287570" elapsed="0.006999"/>
</suite>
<status status="PASS" start="2024-10-22T20:36:41.285819" elapsed="0.009751"/>
</suite>
<status status="PASS" start="2024-10-22T20:36:41.269810" elapsed="0.026760"/>
</suite>
<statistics>
<total>
<stat pass="1" fail="0" skip="0">All Tests</stat>
</total>
<tag>
</tag>
<suite>
<stat pass="1" fail="0" skip="0" id="s1" name="CNAB">CNAB</stat>
<stat pass="1" fail="0" skip="0" id="s1-s1" name="Tests">CNAB.Tests</stat>
<stat pass="1" fail="0" skip="0" id="s1-s1-s1" name="validaProdutoDesconhecido">CNAB.Tests.validaProdutoDesconhecido</stat>
</suite>
</statistics>
<errors>
</errors>
</robot>
