<?xml version="1.0" encoding="UTF-8"?>
<robot generator="Robot 7.1.1 (Python 3.12.2 on win32)" generated="2024-11-01T13:36:41.493486" rpa="false" schemaversion="5">
<suite id="s1" name="CNAB" source="D:\projetos\CNAB">
<suite id="s1-s1" name="Tests" source="D:\projetos\CNAB\tests">
<suite id="s1-s1-s1" name="sentidoArquivo" source="D:\projetos\CNAB\tests\sentidoArquivo.robot">
<test id="s1-s1-s1-t1" name="Validar Sentido do Arquivo CNAB 240" line="8">
<kw name="Validar Sentido Cnab" owner="cnab_keywords">
<msg time="2024-11-01T13:36:41.519488" level="INFO">${resultado} = True</msg>
<msg time="2024-11-01T13:36:41.519488" level="INFO">${mensagem} = O arquivo é de Retorno.</msg>
<var>${resultado}</var>
<var>${mensagem}</var>
<arg>${CAMINHO_ARQUIVO}</arg>
<status status="PASS" start="2024-11-01T13:36:41.518488" elapsed="0.001000"/>
</kw>
<kw name="Run Keyword If" owner="BuiltIn">
<kw name="Log" owner="BuiltIn">
<msg time="2024-11-01T13:36:41.520486" level="INFO">O arquivo é de Retorno.</msg>
<arg>${mensagem}</arg>
<doc>Logs the given message with the given level.</doc>
<status status="PASS" start="2024-11-01T13:36:41.520486" elapsed="0.001002"/>
</kw>
<arg>${resultado} == True</arg>
<arg>Log</arg>
<arg>${mensagem}</arg>
<doc>Runs the given keyword with the given arguments, if ``condition`` is true.</doc>
<status status="PASS" start="2024-11-01T13:36:41.520486" elapsed="0.001002"/>
</kw>
<kw name="Run Keyword If" owner="BuiltIn">
<arg>${resultado} == False</arg>
<arg>Fail</arg>
<arg>${mensagem}</arg>
<doc>Runs the given keyword with the given arguments, if ``condition`` is true.</doc>
<status status="PASS" start="2024-11-01T13:36:41.521488" elapsed="0.000000"/>
</kw>
<doc>Este teste verifica se o sentido do arquivo CNAB é Retorno ou Remessa.</doc>
<status status="PASS" start="2024-11-01T13:36:41.518488" elapsed="0.003000"/>
</test>
<status status="PASS" start="2024-11-01T13:36:41.514490" elapsed="0.007996"/>
</suite>
<status status="PASS" start="2024-11-01T13:36:41.513488" elapsed="0.010999"/>
</suite>
<status status="PASS" start="2024-11-01T13:36:41.496485" elapsed="0.029003"/>
</suite>
<statistics>
<total>
<stat pass="1" fail="0" skip="0">All Tests</stat>
</total>
<tag>
</tag>
<suite>
<stat pass="1" fail="0" skip="0" id="s1" name="CNAB">CNAB</stat>
<stat pass="1" fail="0" skip="0" id="s1-s1" name="Tests">CNAB.Tests</stat>
<stat pass="1" fail="0" skip="0" id="s1-s1-s1" name="sentidoArquivo">CNAB.Tests.sentidoArquivo</stat>
</suite>
</statistics>
<errors>
</errors>
</robot>
